 
****************************************
Report : area
Design : LBP
Version: Q-2019.12
Date   : Sat Mar 26 18:34:35 2022
****************************************

Library(s) Used:

    slow (File: /home/nfs_cad/lib/CBDK_IC_Contest_v2.1/SynopsysDC/db/slow.db)

Number of ports:                           50
Number of nets:                           527
Number of cells:                          434
Number of combinational cells:            342
Number of sequential cells:                92
Number of macros/black boxes:               0
Number of buf/inv:                         79
Number of references:                      61

Combinational area:               3304.837818
Buf/Inv area:                      787.593607
Noncombinational area:            2753.182747
Macro/Black Box area:                0.000000
Net Interconnect area:           60480.306030

Total cell area:                  6058.020565
Total area:                      66538.326595
1
