 
****************************************
Report : timing
        -path full
        -delay max
        -max_paths 1
Design : LBP
Version: Q-2019.12
Date   : Sat Mar 26 18:34:35 2022
****************************************

Operating Conditions: slow   Library: slow
Wire Load Model Mode: top

  Startpoint: gray_data[1]
              (input port clocked by clk)
  Endpoint: buff_reg_2_
            (rising edge-triggered flip-flop clocked by clk)
  Path Group: clk
  Path Type: max

  Des/Clust/Port     Wire Load Model       Library
  ------------------------------------------------
  LBP                tsmc13_wl10           slow

  Point                                    Incr       Path
  -----------------------------------------------------------
  clock clk (rise edge)                    0.00       0.00
  clock network delay (ideal)              0.50       0.50
  input external delay                     5.00       5.50 r
  gray_data[1] (in)                        0.03       5.53 r
  U392/Y (INVX2)                           0.20       5.73 f
  U514/Y (OAI21XL)                         0.50       6.22 r
  U642/Y (OAI22X1)                         0.37       6.59 f
  U643/Y (AOI222X1)                        0.47       7.06 r
  U409/Y (AOI2BB1X1)                       0.19       7.24 f
  U444/Y (AOI2BB1X1)                       0.32       7.57 f
  U446/Y (OAI22X1)                         0.42       7.99 r
  U466/Y (AOI222X1)                        0.44       8.43 f
  U693/Y (INVXL)                           0.67       9.10 r
  buff_reg_2_/D (EDFFXL)                   0.00       9.10 r
  data arrival time                                   9.10

  clock clk (rise edge)                    9.00       9.00
  clock network delay (ideal)              0.50       9.50
  clock uncertainty                       -0.10       9.40
  buff_reg_2_/CK (EDFFXL)                  0.00       9.40 r
  library setup time                      -0.26       9.14
  data required time                                  9.14
  -----------------------------------------------------------
  data required time                                  9.14
  data arrival time                                  -9.10
  -----------------------------------------------------------
  slack (MET)                                         0.04


1
